{"/Users/bright-l-admin/Desktop/bnta/coursework/week_08/day_02/lab_jest_testing_calculator/calculator_testing_start/calculator.js": {"path":"/Users/bright-l-admin/Desktop/bnta/coursework/week_08/day_02/lab_jest_testing_calculator/calculator_testing_start/calculator.js","statementMap":{"0":{"start":{"line":4,"column":12},"end":{"line":6,"column":1}},"1":{"start":{"line":5,"column":4},"end":{"line":5,"column":17}},"2":{"start":{"line":8,"column":17},"end":{"line":8,"column":32}},"3":{"start":{"line":8,"column":27},"end":{"line":8,"column":32}},"4":{"start":{"line":11,"column":17},"end":{"line":11,"column":32}},"5":{"start":{"line":11,"column":27},"end":{"line":11,"column":32}},"6":{"start":{"line":13,"column":16},"end":{"line":13,"column":31}},"7":{"start":{"line":13,"column":26},"end":{"line":13,"column":31}},"8":{"start":{"line":16,"column":16},"end":{"line":16,"column":31}},"9":{"start":{"line":16,"column":26},"end":{"line":16,"column":31}},"10":{"start":{"line":19,"column":13},"end":{"line":25,"column":1}},"11":{"start":{"line":20,"column":4},"end":{"line":24,"column":5}},"12":{"start":{"line":21,"column":4},"end":{"line":21,"column":16}},"13":{"start":{"line":23,"column":4},"end":{"line":23,"column":18}},"14":{"start":{"line":28,"column":12},"end":{"line":34,"column":5}},"15":{"start":{"line":29,"column":4},"end":{"line":33,"column":9}},"16":{"start":{"line":30,"column":8},"end":{"line":30,"column":20}},"17":{"start":{"line":32,"column":8},"end":{"line":32,"column":22}},"18":{"start":{"line":38,"column":0},"end":{"line":46,"column":2}}},"fnMap":{"0":{"name":"(anonymous_0)","decl":{"start":{"line":4,"column":12},"end":{"line":4,"column":13}},"loc":{"start":{"line":4,"column":26},"end":{"line":6,"column":1}},"line":4},"1":{"name":"(anonymous_1)","decl":{"start":{"line":8,"column":17},"end":{"line":8,"column":18}},"loc":{"start":{"line":8,"column":27},"end":{"line":8,"column":32}},"line":8},"2":{"name":"(anonymous_2)","decl":{"start":{"line":11,"column":17},"end":{"line":11,"column":18}},"loc":{"start":{"line":11,"column":27},"end":{"line":11,"column":32}},"line":11},"3":{"name":"(anonymous_3)","decl":{"start":{"line":13,"column":16},"end":{"line":13,"column":17}},"loc":{"start":{"line":13,"column":26},"end":{"line":13,"column":31}},"line":13},"4":{"name":"(anonymous_4)","decl":{"start":{"line":16,"column":16},"end":{"line":16,"column":17}},"loc":{"start":{"line":16,"column":26},"end":{"line":16,"column":31}},"line":16},"5":{"name":"(anonymous_5)","decl":{"start":{"line":19,"column":13},"end":{"line":19,"column":14}},"loc":{"start":{"line":19,"column":18},"end":{"line":25,"column":1}},"line":19},"6":{"name":"(anonymous_6)","decl":{"start":{"line":28,"column":12},"end":{"line":28,"column":13}},"loc":{"start":{"line":28,"column":17},"end":{"line":34,"column":5}},"line":28}},"branchMap":{"0":{"loc":{"start":{"line":20,"column":4},"end":{"line":24,"column":5}},"type":"if","locations":[{"start":{"line":20,"column":4},"end":{"line":24,"column":5}},{"start":{"line":22,"column":7},"end":{"line":24,"column":5}}],"line":20},"1":{"loc":{"start":{"line":29,"column":4},"end":{"line":33,"column":9}},"type":"if","locations":[{"start":{"line":29,"column":4},"end":{"line":33,"column":9}},{"start":{"line":31,"column":11},"end":{"line":33,"column":9}}],"line":29}},"s":{"0":1,"1":4,"2":1,"3":4,"4":1,"5":4,"6":1,"7":5,"8":1,"9":4,"10":1,"11":4,"12":3,"13":1,"14":1,"15":4,"16":2,"17":2,"18":1},"f":{"0":4,"1":4,"2":4,"3":5,"4":4,"5":4,"6":4},"b":{"0":[3,1],"1":[2,2]},"_coverageSchema":"1a1c01bbd47fc00a2c39e90264f33305004495a9","hash":"b15bb21a6c0a18cedc8189764d5ff800eb85088e"}
}
