TN:
SF:calculator_testing_start/calculator.js
FN:4,(anonymous_0)
FN:8,(anonymous_1)
FN:11,(anonymous_2)
FN:13,(anonymous_3)
FN:16,(anonymous_4)
FN:19,(anonymous_5)
FN:28,(anonymous_6)
FNF:7
FNH:7
FNDA:4,(anonymous_0)
FNDA:4,(anonymous_1)
FNDA:4,(anonymous_2)
FNDA:5,(anonymous_3)
FNDA:4,(anonymous_4)
FNDA:4,(anonymous_5)
FNDA:4,(anonymous_6)
DA:4,1
DA:5,4
DA:8,4
DA:11,4
DA:13,5
DA:16,4
DA:19,1
DA:20,4
DA:21,3
DA:23,1
DA:28,1
DA:29,4
DA:30,2
DA:32,2
DA:38,1
LF:15
LH:15
BRDA:20,0,0,3
BRDA:20,0,1,1
BRDA:29,1,0,2
BRDA:29,1,1,2
BRF:4
BRH:4
end_of_record
